Package                   Version      Editable project location
------------------------- ------------ ----------------------------------------
appdirs                   1.4.4
asteval                   0.9.31
astunparse                1.6.3
attrs                     23.1.0
beniget                   0.4.1
boto3                     1.28.58
botocore                  1.31.58
Bottleneck                1.3.4
bw-migrations             0.2
bw2calc                   1.8.2        /home/mcdowallsc/code/gh/brightway2-calc
bw2data                   3.6.6        /home/mcdowallsc/code/gh/brightway2-data
bw2io                     0.8.7        /home/mcdowallsc/code/gh/brightway2-io
bw2parameters             1.1.0
bw2speedups               3.1
cached-property           1.5.2
certifi                   2023.7.22
cffi                      1.16.0
chardet                   5.2.0
charset-normalizer        3.3.0
click                     8.1.7
constructive-geometries   0.8.2
contextlib2               21.6.0
country-converter         1.0.0
cryptography              41.0.4
datapackage               1.15.2
deap                      1.3.1
docopt                    0.6.2
eight                     1.0.1
et-xmlfile                1.1.0
fasteners                 0.19
future                    0.18.3
gast                      0.5.3
greenlet                  3.0.0
idna                      3.4
ijson                     3.2.3
intel-openmp              2023.2.0
isodate                   0.6.1
jmespath                  1.0.1
jsonlines                 4.0.0
jsonpointer               2.4
jsonschema                4.19.1
jsonschema-specifications 2023.7.1
linear-tsv                1.1.0
llvmlite                  0.41.0
lxml                      4.9.3
mkl                       2023.2.0
mpi4py                    3.1.3
mpmath                    1.2.1
mrio-common-metadata      0.2.1
numba                     0.58.0
numexpr                   2.8.1
numpy                     1.22.3
openpyxl                  3.1.2
packaging                 23.2
pandas                    1.4.2
peewee                    3.16.3
Pint                      0.22
pip                       22.0.4
ply                       3.11
premise                   1.7.1        /home/mcdowallsc/code/gh/premise
premise-gwp               0.9.6
prettytable               3.9.0
psutil                    5.9.5
pyarrow                   13.0.0
pybind11                  2.9.2
pycountry                 22.3.5
pycparser                 2.21
pypardiso                 0.4.2
PyPrind                   2.11.3
python-dateutil           2.8.2
python-json-logger        2.0.7
pythran                   0.11.0
pytz                      2023.3.post1
pyxlsb                    1.0.10
PyYAML                    6.0.1
referencing               0.30.2
requests                  2.31.0
rfc3986                   2.0.0
rpds-py                   0.10.3
s3transfer                0.7.0
schema                    0.7.5
SciPy                     1.8.1
setuptools                58.1.0
six                       1.16.0
sparse                    0.14.0
SQLAlchemy                2.0.21
stats-arrays              0.6.5
tableschema               1.20.2
tabulator                 1.53.5
tbb                       2021.10.0
toolz                     0.12.0
tqdm                      4.66.1
typing_extensions         4.8.0
tzdata                    2023.3
unicodecsv                0.14.1
Unidecode                 1.3.7
urllib3                   1.26.17
voluptuous                0.13.1
wcwidth                   0.2.8
wheel                     0.41.2
Whoosh                    2.7.4
wrapt                     1.15.0
wurst                     0.3.4
xarray                    2023.9.0
xlrd                      2.0.1
XlsxWriter                3.1.6
Using environment variable BRIGHTWAY2_DIR for data directory:
/home/mcdowallsc/data1/brightway_data
2023-10-04 13:06:12,041 - __main__ - INFO - *** Starting FutureScenarios.py ***
Deleted existing project SSP125_con
Created new project SSP125_con from default
Cache folder cleared!

 ** Processing scenario set         1 of 1
    - remind,                      SSP1-Base,                      2050
    - remind,                      SSP2-Base,                      2050
    - remind,                      SSP5-Base,                      2050
    - remind,                      SSP2-NPi,                      2050
    - remind,                      SSP2-PkBudg500,                      2050
    - remind,                      SSP1-Base,                      2040
    - remind,                      SSP2-Base,                      2040
    - remind,                      SSP5-Base,                      2040
    - remind,                      SSP2-NPi,                      2040
    - remind,                      SSP2-PkBudg500,                      2040
    - remind,                      SSP1-Base,                      2030
    - remind,                      SSP2-Base,                      2030
    - remind,                      SSP5-Base,                      2030
    - remind,                      SSP2-NPi,                      2030
    - remind,                      SSP2-PkBudg500,                      2030
    - remind,                      SSP1-Base,                      2020
    - remind,                      SSP2-Base,                      2020
    - remind,                      SSP5-Base,                      2020
    - remind,                      SSP2-NPi,                      2020
    - remind,                      SSP2-PkBudg500,                      2020
premise v.(1, 7, 1)
+------------------------------------------------------------------+
| Warning                                                          |
+------------------------------------------------------------------+
| Because some of the scenarios can yield LCI databases            |
| containing net negative emission technologies (NET),             |
| it is advised to account for biogenic CO2 flows when calculating |
| Global Warming potential indicators.                             |
| `premise_gwp` provides characterization factors for such flows.  |
| It also provides factors for hydrogen emissions to air.          |
|                                                                  |
| Within your bw2 project:                                         |
| from premise_gwp import add_premise_gwp                          |
| add_premise_gwp()                                                |
+------------------------------------------------------------------+
+--------------------------------+----------------------------------+
| Utils functions                | Description                      |
+--------------------------------+----------------------------------+
| clear_cache()                  | Clears the cache folder. Useful  |
|                                | when updating `premise`or        |
|                                | encountering issues with         |
|                                | inventories.                     |
+--------------------------------+----------------------------------+
| get_regions_definition(model)  | Retrieves the list of countries  |
|                                | for each region of the model.    |
+--------------------------------+----------------------------------+
| ndb.NewDatabase(...)           | Generates a summary of the most  |
| ndb.generate_scenario_report() | important scenarios' variables.  |
+--------------------------------+----------------------------------+
Keep uncertainty data?
NewDatabase(..., keep_uncertainty_data=True)

Hide these messages?
NewDatabase(..., quiet=True)

//////////////////// EXTRACTING SOURCE DATABASE ////////////////////
Cannot find cached database. Will create one now for next time...
Getting activity data
Adding exchange data to activities
Filling out exchange data
